execve("/bin/ping", ["ping", "www.google.com"], [/* 67 vars */]) = 0
brk(0)                                  = 0xa82000
access("/etc/ld.so.nohwcap", F_OK)      = -1 ENOENT (No such file or directory)
mmap(NULL, 8192, PROT_READ|PROT_WRITE, MAP_PRIVATE|MAP_ANONYMOUS, -1, 0) = 0x7fbd395b5000
access("/etc/ld.so.preload", R_OK)      = -1 ENOENT (No such file or directory)
open("/etc/ld.so.cache", O_RDONLY|O_CLOEXEC) = 3
fstat(3, {st_mode=S_IFREG|0644, st_size=101646, ...}) = 0
mmap(NULL, 101646, PROT_READ, MAP_PRIVATE, 3, 0) = 0x7fbd3959c000
close(3)                                = 0
access("/etc/ld.so.nohwcap", F_OK)      = -1 ENOENT (No such file or directory)
open("/lib/x86_64-linux-gnu/libcap.so.2", O_RDONLY|O_CLOEXEC) = 3
read(3, "\177ELF\2\1\1\0\0\0\0\0\0\0\0\0\3\0>\0\1\0\0\0p\25\0\0\0\0\0\0"..., 832) = 832
fstat(3, {st_mode=S_IFREG|0644, st_size=18952, ...}) = 0
mmap(NULL, 2114160, PROT_READ|PROT_EXEC, MAP_PRIVATE|MAP_DENYWRITE, 3, 0) = 0x7fbd3918f000
mprotect(0x7fbd39193000, 2093056, PROT_NONE) = 0
mmap(0x7fbd39392000, 8192, PROT_READ|PROT_WRITE, MAP_PRIVATE|MAP_FIXED|MAP_DENYWRITE, 3, 0x3000) = 0x7fbd39392000
close(3)                                = 0
access("/etc/ld.so.nohwcap", F_OK)      = -1 ENOENT (No such file or directory)
open("/lib/x86_64-linux-gnu/libc.so.6", O_RDONLY|O_CLOEXEC) = 3
read(3, "\177ELF\2\1\1\3\0\0\0\0\0\0\0\0\3\0>\0\1\0\0\0`\v\2\0\0\0\0\0"..., 832) = 832
fstat(3, {st_mode=S_IFREG|0755, st_size=1869392, ...}) = 0
mmap(NULL, 3972864, PROT_READ|PROT_EXEC, MAP_PRIVATE|MAP_DENYWRITE, 3, 0) = 0x7fbd38dc5000
mprotect(0x7fbd38f85000, 2097152, PROT_NONE) = 0
mmap(0x7fbd39185000, 24576, PROT_READ|PROT_WRITE, MAP_PRIVATE|MAP_FIXED|MAP_DENYWRITE, 3, 0x1c0000) = 0x7fbd39185000
mmap(0x7fbd3918b000, 16128, PROT_READ|PROT_WRITE, MAP_PRIVATE|MAP_FIXED|MAP_ANONYMOUS, -1, 0) = 0x7fbd3918b000
close(3)                                = 0
mmap(NULL, 4096, PROT_READ|PROT_WRITE, MAP_PRIVATE|MAP_ANONYMOUS, -1, 0) = 0x7fbd3959b000
mmap(NULL, 4096, PROT_READ|PROT_WRITE, MAP_PRIVATE|MAP_ANONYMOUS, -1, 0) = 0x7fbd3959a000
mmap(NULL, 4096, PROT_READ|PROT_WRITE, MAP_PRIVATE|MAP_ANONYMOUS, -1, 0) = 0x7fbd39599000
arch_prctl(ARCH_SET_FS, 0x7fbd3959a700) = 0
mprotect(0x7fbd39185000, 16384, PROT_READ) = 0
mprotect(0x7fbd39392000, 4096, PROT_READ) = 0
mprotect(0x609000, 4096, PROT_READ)     = 0
mprotect(0x7fbd395b7000, 4096, PROT_READ) = 0
munmap(0x7fbd3959c000, 101646)          = 0
brk(0)                                  = 0xa82000
brk(0xaa3000)                           = 0xaa3000
capget({_LINUX_CAPABILITY_VERSION_3, 0}, NULL) = 0
capget({_LINUX_CAPABILITY_VERSION_3, 0}, {CAP_CHOWN|CAP_DAC_OVERRIDE|CAP_DAC_READ_SEARCH|CAP_FOWNER|CAP_FSETID|CAP_KILL|CAP_SETGID|CAP_SETUID|CAP_SETPCAP|CAP_LINUX_IMMUTABLE|CAP_NET_BIND_SERVICE|CAP_NET_BROADCAST|CAP_NET_ADMIN|CAP_NET_RAW|CAP_IPC_LOCK|CAP_IPC_OWNER|CAP_SYS_MODULE|CAP_SYS_RAWIO|CAP_SYS_CHROOT|CAP_SYS_PTRACE|CAP_SYS_PACCT|CAP_SYS_ADMIN|CAP_SYS_BOOT|CAP_SYS_NICE|CAP_SYS_RESOURCE|CAP_SYS_TIME|CAP_SYS_TTY_CONFIG|CAP_MKNOD|CAP_LEASE|CAP_AUDIT_WRITE|CAP_AUDIT_CONTROL|CAP_SETFCAP, CAP_CHOWN|CAP_DAC_OVERRIDE|CAP_DAC_READ_SEARCH|CAP_FOWNER|CAP_FSETID|CAP_KILL|CAP_SETGID|CAP_SETUID|CAP_SETPCAP|CAP_LINUX_IMMUTABLE|CAP_NET_BIND_SERVICE|CAP_NET_BROADCAST|CAP_NET_ADMIN|CAP_NET_RAW|CAP_IPC_LOCK|CAP_IPC_OWNER|CAP_SYS_MODULE|CAP_SYS_RAWIO|CAP_SYS_CHROOT|CAP_SYS_PTRACE|CAP_SYS_PACCT|CAP_SYS_ADMIN|CAP_SYS_BOOT|CAP_SYS_NICE|CAP_SYS_RESOURCE|CAP_SYS_TIME|CAP_SYS_TTY_CONFIG|CAP_MKNOD|CAP_LEASE|CAP_AUDIT_WRITE|CAP_AUDIT_CONTROL|CAP_SETFCAP, 0}) = 0
capget({_LINUX_CAPABILITY_VERSION_3, 0}, NULL) = 0
capset({_LINUX_CAPABILITY_VERSION_3, 0}, {0, CAP_NET_ADMIN|CAP_NET_RAW, 0}) = 0
prctl(PR_SET_KEEPCAPS, 1)               = 0
getuid()                                = 0
setuid(0)                               = 0
prctl(PR_SET_KEEPCAPS, 0)               = 0
getuid()                                = 0
geteuid()                               = 0
capget({_LINUX_CAPABILITY_VERSION_3, 0}, NULL) = 0
capget({_LINUX_CAPABILITY_VERSION_3, 0}, {0, CAP_NET_ADMIN|CAP_NET_RAW, 0}) = 0
capset({_LINUX_CAPABILITY_VERSION_3, 0}, {CAP_NET_RAW, CAP_NET_ADMIN|CAP_NET_RAW, 0}) = 0
socket(PF_INET, SOCK_RAW, IPPROTO_ICMP) = 3
capget({_LINUX_CAPABILITY_VERSION_3, 0}, NULL) = 0
capget({_LINUX_CAPABILITY_VERSION_3, 0}, {CAP_NET_RAW, CAP_NET_ADMIN|CAP_NET_RAW, 0}) = 0
capset({_LINUX_CAPABILITY_VERSION_3, 0}, {0, CAP_NET_ADMIN|CAP_NET_RAW, 0}) = 0
getpid()                                = 11972
open("/etc/resolv.conf", O_RDONLY|O_CLOEXEC) = 4
fstat(4, {st_mode=S_IFREG|0644, st_size=172, ...}) = 0
mmap(NULL, 4096, PROT_READ|PROT_WRITE, MAP_PRIVATE|MAP_ANONYMOUS, -1, 0) = 0x7fbd395b4000
read(4, "# Dynamic resolv.conf(5) file fo"..., 4096) = 172
read(4, "", 4096)                       = 0
close(4)                                = 0
munmap(0x7fbd395b4000, 4096)            = 0
uname({sys="Linux", node="legolas", ...}) = 0
stat("/etc/resolv.conf", {st_mode=S_IFREG|0644, st_size=172, ...}) = 0
open("/etc/resolv.conf", O_RDONLY|O_CLOEXEC) = 4
fstat(4, {st_mode=S_IFREG|0644, st_size=172, ...}) = 0
mmap(NULL, 4096, PROT_READ|PROT_WRITE, MAP_PRIVATE|MAP_ANONYMOUS, -1, 0) = 0x7fbd395b4000
read(4, "# Dynamic resolv.conf(5) file fo"..., 4096) = 172
read(4, "", 4096)                       = 0
close(4)                                = 0
munmap(0x7fbd395b4000, 4096)            = 0
uname({sys="Linux", node="legolas", ...}) = 0
socket(PF_LOCAL, SOCK_STREAM|SOCK_CLOEXEC|SOCK_NONBLOCK, 0) = 4
connect(4, {sa_family=AF_LOCAL, sun_path="/var/run/nscd/socket"}, 110) = -1 ENOENT (No such file or directory)
close(4)                                = 0
socket(PF_LOCAL, SOCK_STREAM|SOCK_CLOEXEC|SOCK_NONBLOCK, 0) = 4
connect(4, {sa_family=AF_LOCAL, sun_path="/var/run/nscd/socket"}, 110) = -1 ENOENT (No such file or directory)
close(4)                                = 0
open("/etc/nsswitch.conf", O_RDONLY|O_CLOEXEC) = 4
fstat(4, {st_mode=S_IFREG|0644, st_size=507, ...}) = 0
mmap(NULL, 4096, PROT_READ|PROT_WRITE, MAP_PRIVATE|MAP_ANONYMOUS, -1, 0) = 0x7fbd395b4000
read(4, "# /etc/nsswitch.conf\n#\n# Example"..., 4096) = 507
read(4, "", 4096)                       = 0
close(4)                                = 0
munmap(0x7fbd395b4000, 4096)            = 0
open("/etc/ld.so.cache", O_RDONLY|O_CLOEXEC) = 4
fstat(4, {st_mode=S_IFREG|0644, st_size=101646, ...}) = 0
mmap(NULL, 101646, PROT_READ, MAP_PRIVATE, 4, 0) = 0x7fbd3959c000
close(4)                                = 0
access("/etc/ld.so.nohwcap", F_OK)      = -1 ENOENT (No such file or directory)
open("/lib/x86_64-linux-gnu/libnss_files.so.2", O_RDONLY|O_CLOEXEC) = 4
read(4, "\177ELF\2\1\1\0\0\0\0\0\0\0\0\0\3\0>\0\1\0\0\0000\"\0\0\0\0\0\0"..., 832) = 832
fstat(4, {st_mode=S_IFREG|0644, st_size=51736, ...}) = 0
mmap(NULL, 2148488, PROT_READ|PROT_EXEC, MAP_PRIVATE|MAP_DENYWRITE, 4, 0) = 0x7fbd38bb8000
mprotect(0x7fbd38bc4000, 2093056, PROT_NONE) = 0
mmap(0x7fbd38dc3000, 8192, PROT_READ|PROT_WRITE, MAP_PRIVATE|MAP_FIXED|MAP_DENYWRITE, 4, 0xb000) = 0x7fbd38dc3000
close(4)                                = 0
mprotect(0x7fbd38dc3000, 4096, PROT_READ) = 0
munmap(0x7fbd3959c000, 101646)          = 0
open("/etc/host.conf", O_RDONLY|O_CLOEXEC) = 4
fstat(4, {st_mode=S_IFREG|0644, st_size=92, ...}) = 0
mmap(NULL, 4096, PROT_READ|PROT_WRITE, MAP_PRIVATE|MAP_ANONYMOUS, -1, 0) = 0x7fbd395b4000
read(4, "# The \"order\" line is only used "..., 4096) = 92
read(4, "", 4096)                       = 0
close(4)                                = 0
munmap(0x7fbd395b4000, 4096)            = 0
open("/etc/hosts", O_RDONLY|O_CLOEXEC)  = 4
fstat(4, {st_mode=S_IFREG|0644, st_size=222, ...}) = 0
mmap(NULL, 4096, PROT_READ|PROT_WRITE, MAP_PRIVATE|MAP_ANONYMOUS, -1, 0) = 0x7fbd395b4000
read(4, "127.0.0.1\tlocalhost\n127.0.1.1\tle"..., 4096) = 222
read(4, "", 4096)                       = 0
close(4)                                = 0
munmap(0x7fbd395b4000, 4096)            = 0
open("/etc/ld.so.cache", O_RDONLY|O_CLOEXEC) = 4
fstat(4, {st_mode=S_IFREG|0644, st_size=101646, ...}) = 0
mmap(NULL, 101646, PROT_READ, MAP_PRIVATE, 4, 0) = 0x7fbd3959c000
close(4)                                = 0
access("/etc/ld.so.nohwcap", F_OK)      = -1 ENOENT (No such file or directory)
open("/lib/x86_64-linux-gnu/libnss_mdns4_minimal.so.2", O_RDONLY|O_CLOEXEC) = 4
read(4, "\177ELF\2\1\1\0\0\0\0\0\0\0\0\0\3\0>\0\1\0\0\0\20\f\0\0\0\0\0\0"..., 832) = 832
fstat(4, {st_mode=S_IFREG|0644, st_size=10432, ...}) = 0
mmap(NULL, 2105560, PROT_READ|PROT_EXEC, MAP_PRIVATE|MAP_DENYWRITE, 4, 0) = 0x7fbd389b5000
mprotect(0x7fbd389b7000, 2093056, PROT_NONE) = 0
mmap(0x7fbd38bb6000, 8192, PROT_READ|PROT_WRITE, MAP_PRIVATE|MAP_FIXED|MAP_DENYWRITE, 4, 0x1000) = 0x7fbd38bb6000
close(4)                                = 0
mprotect(0x7fbd38bb6000, 4096, PROT_READ) = 0
munmap(0x7fbd3959c000, 101646)          = 0
open("/etc/ld.so.cache", O_RDONLY|O_CLOEXEC) = 4
fstat(4, {st_mode=S_IFREG|0644, st_size=101646, ...}) = 0
mmap(NULL, 101646, PROT_READ, MAP_PRIVATE, 4, 0) = 0x7fbd3959c000
close(4)                                = 0
access("/etc/ld.so.nohwcap", F_OK)      = -1 ENOENT (No such file or directory)
open("/lib/x86_64-linux-gnu/libnss_dns.so.2", O_RDONLY|O_CLOEXEC) = 4
read(4, "\177ELF\2\1\1\0\0\0\0\0\0\0\0\0\3\0>\0\1\0\0\0\240\20\0\0\0\0\0\0"..., 832) = 832
fstat(4, {st_mode=S_IFREG|0644, st_size=22880, ...}) = 0
mmap(NULL, 2117896, PROT_READ|PROT_EXEC, MAP_PRIVATE|MAP_DENYWRITE, 4, 0) = 0x7fbd387af000
mprotect(0x7fbd387b4000, 2093056, PROT_NONE) = 0
mmap(0x7fbd389b3000, 8192, PROT_READ|PROT_WRITE, MAP_PRIVATE|MAP_FIXED|MAP_DENYWRITE, 4, 0x4000) = 0x7fbd389b3000
close(4)                                = 0
access("/etc/ld.so.nohwcap", F_OK)      = -1 ENOENT (No such file or directory)
open("/lib/x86_64-linux-gnu/libresolv.so.2", O_RDONLY|O_CLOEXEC) = 4
read(4, "\177ELF\2\1\1\0\0\0\0\0\0\0\0\0\3\0>\0\1\0\0\0\3209\0\0\0\0\0\0"..., 832) = 832
fstat(4, {st_mode=S_IFREG|0644, st_size=101232, ...}) = 0
mmap(NULL, 2206536, PROT_READ|PROT_EXEC, MAP_PRIVATE|MAP_DENYWRITE, 4, 0) = 0x7fbd38594000
mprotect(0x7fbd385ab000, 2097152, PROT_NONE) = 0
mmap(0x7fbd387ab000, 8192, PROT_READ|PROT_WRITE, MAP_PRIVATE|MAP_FIXED|MAP_DENYWRITE, 4, 0x17000) = 0x7fbd387ab000
mmap(0x7fbd387ad000, 6984, PROT_READ|PROT_WRITE, MAP_PRIVATE|MAP_FIXED|MAP_ANONYMOUS, -1, 0) = 0x7fbd387ad000
close(4)                                = 0
mprotect(0x7fbd387ab000, 4096, PROT_READ) = 0
mprotect(0x7fbd389b3000, 4096, PROT_READ) = 0
munmap(0x7fbd3959c000, 101646)          = 0
stat("/etc/resolv.conf", {st_mode=S_IFREG|0644, st_size=172, ...}) = 0
socket(PF_INET, SOCK_DGRAM|SOCK_NONBLOCK, IPPROTO_IP) = 4
connect(4, {sa_family=AF_INET, sin_port=htons(53), sin_addr=inet_addr("127.0.1.1")}, 16) = 0
poll([{fd=4, events=POLLOUT}], 1, 0)    = 1 ([{fd=4, revents=POLLOUT}])
sendto(4, "\211\365\1\0\0\1\0\0\0\0\0\0\3www\6google\3com\0\0\1\0\1", 32, MSG_NOSIGNAL, NULL, 0) = 32
poll([{fd=4, events=POLLIN}], 1, 5000)  = 1 ([{fd=4, revents=POLLIN}])
ioctl(4, FIONREAD, [128])               = 0
recvfrom(4, "\211\365\201\200\0\1\0\6\0\0\0\0\3www\6google\3com\0\0\1\0\1"..., 1024, 0, {sa_family=AF_INET, sin_port=htons(53), sin_addr=inet_addr("127.0.1.1")}, [16]) = 128
close(4)                                = 0
socket(PF_INET, SOCK_DGRAM, IPPROTO_IP) = 4
connect(4, {sa_family=AF_INET, sin_port=htons(1025), sin_addr=inet_addr("74.125.21.99")}, 16) = 0
getsockname(4, {sa_family=AF_INET, sin_port=htons(37364), sin_addr=inet_addr("10.0.2.15")}, [16]) = 0
close(4)                                = 0
setsockopt(3, SOL_RAW, ICMP_FILTER, ~(ICMP_ECHOREPLY|ICMP_DEST_UNREACH|ICMP_SOURCE_QUENCH|ICMP_REDIRECT|ICMP_TIME_EXCEEDED|ICMP_PARAMETERPROB), 4) = 0
setsockopt(3, SOL_IP, IP_RECVERR, [1], 4) = 0
setsockopt(3, SOL_SOCKET, SO_SNDBUF, [324], 4) = 0
setsockopt(3, SOL_SOCKET, SO_RCVBUF, [65536], 4) = 0
getsockopt(3, SOL_SOCKET, SO_RCVBUF, [131072], [4]) = 0
fstat(1, {st_mode=S_IFCHR|0620, st_rdev=makedev(136, 11), ...}) = 0
mmap(NULL, 4096, PROT_READ|PROT_WRITE, MAP_PRIVATE|MAP_ANONYMOUS, -1, 0) = 0x7fbd395b4000
write(1, "PING www.google.com (74.125.21.9"..., 57) = 57
setsockopt(3, SOL_SOCKET, SO_TIMESTAMP, [1], 4) = 0
setsockopt(3, SOL_SOCKET, SO_SNDTIMEO, "\1\0\0\0\0\0\0\0\0\0\0\0\0\0\0\0", 16) = 0
setsockopt(3, SOL_SOCKET, SO_RCVTIMEO, "\1\0\0\0\0\0\0\0\0\0\0\0\0\0\0\0", 16) = 0
rt_sigaction(SIGINT, {0x4043c0, [], SA_RESTORER|SA_INTERRUPT, 0x7fbd38dfa2f0}, NULL, 8) = 0
rt_sigaction(SIGALRM, {0x4043c0, [], SA_RESTORER|SA_INTERRUPT, 0x7fbd38dfa2f0}, NULL, 8) = 0
rt_sigaction(SIGQUIT, {0x4043b0, [], SA_RESTORER|SA_INTERRUPT, 0x7fbd38dfa2f0}, NULL, 8) = 0
rt_sigprocmask(SIG_SETMASK, [], NULL, 8) = 0
ioctl(1, SNDCTL_TMR_TIMEBASE or SNDRV_TIMER_IOCTL_NEXT_DEVICE or TCGETS, {B38400 opost isig icanon echo ...}) = 0
ioctl(1, TIOCGWINSZ, {ws_row=31, ws_col=140, ws_xpixel=0, ws_ypixel=0}) = 0
sendmsg(3, {msg_name(16)={sa_family=AF_INET, sin_port=htons(0), sin_addr=inet_addr("74.125.21.99")}, msg_iov(1)=[{"\10\0\275\351.\304\0\1\202\336\26W\0\0\0\0\251H\n\0\0\0\0\0\20\21\22\23\24\25\26\27"..., 64}], msg_controllen=0, msg_flags=0}, 0) = 64
recvmsg(3, {msg_name(16)={sa_family=AF_INET, sin_port=htons(0), sin_addr=inet_addr("74.125.21.99")}, msg_iov(1)=[{"E\10\0T\0\365\0\0,\1!\276J}\25c\n\0\2\17\0\0\305\351.\304\0\1\202\336\26W"..., 192}], msg_controllen=32, {cmsg_len=32, cmsg_level=SOL_SOCKET, cmsg_type=0x1d /* SCM_??? */, ...}, msg_flags=0}, 0) = 84
stat("/etc/resolv.conf", {st_mode=S_IFREG|0644, st_size=172, ...}) = 0
open("/etc/hosts", O_RDONLY|O_CLOEXEC)  = 4
fstat(4, {st_mode=S_IFREG|0644, st_size=222, ...}) = 0
mmap(NULL, 4096, PROT_READ|PROT_WRITE, MAP_PRIVATE|MAP_ANONYMOUS, -1, 0) = 0x7fbd395b3000
read(4, "127.0.0.1\tlocalhost\n127.0.1.1\tle"..., 4096) = 222
read(4, "", 4096)                       = 0
close(4)                                = 0
munmap(0x7fbd395b3000, 4096)            = 0
stat("/etc/resolv.conf", {st_mode=S_IFREG|0644, st_size=172, ...}) = 0
socket(PF_INET, SOCK_DGRAM|SOCK_NONBLOCK, IPPROTO_IP) = 4
connect(4, {sa_family=AF_INET, sin_port=htons(53), sin_addr=inet_addr("127.0.1.1")}, 16) = 0
poll([{fd=4, events=POLLOUT}], 1, 0)    = 1 ([{fd=4, revents=POLLOUT}])
sendto(4, "2M\1\0\0\1\0\0\0\0\0\0\00299\00221\003125\00274\7in-add"..., 43, MSG_NOSIGNAL, NULL, 0) = 43
poll([{fd=4, events=POLLIN}], 1, 5000)  = 1 ([{fd=4, revents=POLLIN}])
ioctl(4, FIONREAD, [76])                = 0
recvfrom(4, "2M\201\200\0\1\0\1\0\0\0\0\00299\00221\003125\00274\7in-add"..., 1024, 0, {sa_family=AF_INET, sin_port=htons(53), sin_addr=inet_addr("127.0.1.1")}, [16]) = 76
close(4)                                = 0
write(1, "64 bytes from yv-in-f99.1e100.ne"..., 81) = 81
poll([{fd=3, events=POLLIN|POLLERR}], 1, 931) = 0 (Timeout)
sendmsg(3, {msg_name(16)={sa_family=AF_INET, sin_port=htons(0), sin_addr=inet_addr("74.125.21.99")}, msg_iov(1)=[{"\10\0\220\337.\304\0\2\203\336\26W\0\0\0\0\325Q\n\0\0\0\0\0\20\21\22\23\24\25\26\27"..., 64}], msg_controllen=0, msg_flags=0}, MSG_CONFIRM) = 64
recvmsg(3, {msg_name(16)={sa_family=AF_INET, sin_port=htons(0), sin_addr=inet_addr("74.125.21.99")}, msg_iov(1)=[{"E\10\0T\0\367\0\0,\1!\274J}\25c\n\0\2\17\0\0\230\337.\304\0\2\203\336\26W"..., 192}], msg_controllen=32, {cmsg_len=32, cmsg_level=SOL_SOCKET, cmsg_type=0x1d /* SCM_??? */, ...}, msg_flags=0}, 0) = 84
write(1, "64 bytes from yv-in-f99.1e100.ne"..., 81) = 81
poll([{fd=3, events=POLLIN|POLLERR}], 1, 950) = 0 (Timeout)
sendmsg(3, {msg_name(16)={sa_family=AF_INET, sin_port=htons(0), sin_addr=inet_addr("74.125.21.99")}, msg_iov(1)=[{"\10\0\214\320.\304\0\3\204\336\26W\0\0\0\0\330_\n\0\0\0\0\0\20\21\22\23\24\25\26\27"..., 64}], msg_controllen=0, msg_flags=0}, MSG_CONFIRM) = 64
recvmsg(3, {msg_name(16)={sa_family=AF_INET, sin_port=htons(0), sin_addr=inet_addr("74.125.21.99")}, msg_iov(1)=[{"E\10\0T\0\370\0\0,\1!\273J}\25c\n\0\2\17\0\0\224\320.\304\0\3\204\336\26W"..., 192}], msg_controllen=32, {cmsg_len=32, cmsg_level=SOL_SOCKET, cmsg_type=0x1d /* SCM_??? */, ...}, msg_flags=0}, 0) = 84
write(1, "64 bytes from yv-in-f99.1e100.ne"..., 81) = 81
poll([{fd=3, events=POLLIN|POLLERR}], 1, 952) = 0 (Timeout)
sendmsg(3, {msg_name(16)={sa_family=AF_INET, sin_port=htons(0), sin_addr=inet_addr("74.125.21.99")}, msg_iov(1)=[{"\10\0\21\303.\304\0\4\205\336\26W\0\0\0\0Rl\n\0\0\0\0\0\20\21\22\23\24\25\26\27"..., 64}], msg_controllen=0, msg_flags=0}, MSG_CONFIRM) = 64
recvmsg(3, {msg_name(16)={sa_family=AF_INET, sin_port=htons(0), sin_addr=inet_addr("74.125.21.99")}, msg_iov(1)=[{"E\10\0T\0\371\0\0,\1!\272J}\25c\n\0\2\17\0\0\31\303.\304\0\4\205\336\26W"..., 192}], msg_controllen=32, {cmsg_len=32, cmsg_level=SOL_SOCKET, cmsg_type=0x1d /* SCM_??? */, ...}, msg_flags=0}, 0) = 84
write(1, "64 bytes from yv-in-f99.1e100.ne"..., 81) = 81
poll([{fd=3, events=POLLIN|POLLERR}], 1, 961) = 0 (Timeout)
sendmsg(3, {msg_name(16)={sa_family=AF_INET, sin_port=htons(0), sin_addr=inet_addr("74.125.21.99")}, msg_iov(1)=[{"\10\0\227\265.\304\0\5\206\336\26W\0\0\0\0\313x\n\0\0\0\0\0\20\21\22\23\24\25\26\27"..., 64}], msg_controllen=0, msg_flags=0}, MSG_CONFIRM) = 64
recvmsg(3, {msg_name(16)={sa_family=AF_INET, sin_port=htons(0), sin_addr=inet_addr("74.125.21.99")}, msg_iov(1)=[{"E\10\0T\0\372\0\0,\1!\271J}\25c\n\0\2\17\0\0\237\265.\304\0\5\206\336\26W"..., 192}], msg_controllen=32, {cmsg_len=32, cmsg_level=SOL_SOCKET, cmsg_type=0x1d /* SCM_??? */, ...}, msg_flags=0}, 0) = 84
write(1, "64 bytes from yv-in-f99.1e100.ne"..., 81) = 81
poll([{fd=3, events=POLLIN|POLLERR}], 1, 960) = 0 (Timeout)
sendmsg(3, {msg_name(16)={sa_family=AF_INET, sin_port=htons(0), sin_addr=inet_addr("74.125.21.99")}, msg_iov(1)=[{"\10\0\343\252.\304\0\6\207\336\26W\0\0\0\0~\202\n\0\0\0\0\0\20\21\22\23\24\25\26\27"..., 64}], msg_controllen=0, msg_flags=0}, MSG_CONFIRM) = 64
recvmsg(3, {msg_name(16)={sa_family=AF_INET, sin_port=htons(0), sin_addr=inet_addr("74.125.21.99")}, msg_iov(1)=[{"E\10\0T\0\373\0\0,\1!\270J}\25c\n\0\2\17\0\0\353\252.\304\0\6\207\336\26W"..., 192}], msg_controllen=32, {cmsg_len=32, cmsg_level=SOL_SOCKET, cmsg_type=0x1d /* SCM_??? */, ...}, msg_flags=0}, 0) = 84
write(1, "64 bytes from yv-in-f99.1e100.ne"..., 81) = 81
poll([{fd=3, events=POLLIN|POLLERR}], 1, 960) = 0 (Timeout)
sendmsg(3, {msg_name(16)={sa_family=AF_INET, sin_port=htons(0), sin_addr=inet_addr("74.125.21.99")}, msg_iov(1)=[{"\10\0'\243.\304\0\7\210\336\26W\0\0\0\0009\211\n\0\0\0\0\0\20\21\22\23\24\25\26\27"..., 64}], msg_controllen=0, msg_flags=0}, MSG_CONFIRM) = 64
recvmsg(3, {msg_name(16)={sa_family=AF_INET, sin_port=htons(0), sin_addr=inet_addr("74.125.21.99")}, msg_iov(1)=[{"E\10\0T\0\374\0\0,\1!\267J}\25c\n\0\2\17\0\0/\243.\304\0\7\210\336\26W"..., 192}], msg_controllen=32, {cmsg_len=32, cmsg_level=SOL_SOCKET, cmsg_type=0x1d /* SCM_??? */, ...}, msg_flags=0}, 0) = 84
write(1, "64 bytes from yv-in-f99.1e100.ne"..., 81) = 81
poll([{fd=3, events=POLLIN|POLLERR}], 1, 960) = 0 (Timeout)
sendmsg(3, {msg_name(16)={sa_family=AF_INET, sin_port=htons(0), sin_addr=inet_addr("74.125.21.99")}, msg_iov(1)=[{"\10\0;\233.\304\0\10\211\336\26W\0\0\0\0$\220\n\0\0\0\0\0\20\21\22\23\24\25\26\27"..., 64}], msg_controllen=0, msg_flags=0}, MSG_CONFIRM) = 64
recvmsg(3, {msg_name(16)={sa_family=AF_INET, sin_port=htons(0), sin_addr=inet_addr("74.125.21.99")}, msg_iov(1)=[{"E\10\0T\0\375\0\0,\1!\266J}\25c\n\0\2\17\0\0C\233.\304\0\10\211\336\26W"..., 192}], msg_controllen=32, {cmsg_len=32, cmsg_level=SOL_SOCKET, cmsg_type=0x1d /* SCM_??? */, ...}, msg_flags=0}, 0) = 84
write(1, "64 bytes from yv-in-f99.1e100.ne"..., 81) = 81
poll([{fd=3, events=POLLIN|POLLERR}], 1, 959) = 0 (Timeout)
sendmsg(3, {msg_name(16)={sa_family=AF_INET, sin_port=htons(0), sin_addr=inet_addr("74.125.21.99")}, msg_iov(1)=[{"\10\0d\222.\304\0\t\212\336\26W\0\0\0\0\372\227\n\0\0\0\0\0\20\21\22\23\24\25\26\27"..., 64}], msg_controllen=0, msg_flags=0}, MSG_CONFIRM) = 64
recvmsg(3, {msg_name(16)={sa_family=AF_INET, sin_port=htons(0), sin_addr=inet_addr("74.125.21.99")}, msg_iov(1)=[{"E\10\0T\0\376\0\0,\1!\265J}\25c\n\0\2\17\0\0l\222.\304\0\t\212\336\26W"..., 192}], msg_controllen=32, {cmsg_len=32, cmsg_level=SOL_SOCKET, cmsg_type=0x1d /* SCM_??? */, ...}, msg_flags=0}, 0) = 84
write(1, "64 bytes from yv-in-f99.1e100.ne"..., 81) = 81
poll([{fd=3, events=POLLIN|POLLERR}], 1, 951) = 0 (Timeout)
sendmsg(3, {msg_name(16)={sa_family=AF_INET, sin_port=htons(0), sin_addr=inet_addr("74.125.21.99")}, msg_iov(1)=[{"\10\0\fs.\304\0\n\213\336\26W\0\0\0\0Q\266\n\0\0\0\0\0\20\21\22\23\24\25\26\27"..., 64}], msg_controllen=0, msg_flags=0}, MSG_CONFIRM) = 64
recvmsg(3, {msg_name(16)={sa_family=AF_INET, sin_port=htons(0), sin_addr=inet_addr("74.125.21.99")}, msg_iov(1)=[{"E\10\0T\0\377\0\0,\1!\264J}\25c\n\0\2\17\0\0\24s.\304\0\n\213\336\26W"..., 192}], msg_controllen=32, {cmsg_len=32, cmsg_level=SOL_SOCKET, cmsg_type=0x1d /* SCM_??? */, ...}, msg_flags=0}, 0) = 84
write(1, "64 bytes from yv-in-f99.1e100.ne"..., 82) = 82
poll([{fd=3, events=POLLIN|POLLERR}], 1, 959) = ? ERESTART_RESTARTBLOCK (Interrupted by signal)
--- SIGINT {si_signo=SIGINT, si_code=SI_KERNEL} ---
rt_sigreturn()                          = -1 EINTR (Interrupted system call)
write(1, "\n", 1)                       = 1
write(1, "--- www.google.com ping statisti"..., 39) = 39
write(1, "10 packets transmitted, 10 recei"..., 65) = 65
write(1, "rtt min/avg/max/mdev = 39.538/43"..., 53) = 53
exit_group(0)                           = ?
+++ exited with 0 +++
